<?xml version="1.0" encoding="UTF-8"?>
<testng-results ignored="0" total="2" passed="2" failed="0" skipped="0">
  <reporter-output>
  </reporter-output>
  <suite started-at="2022-05-30T01:40:52Z" name="Default suite" finished-at="2022-05-30T01:40:57Z" duration-ms="4773">
    <groups>
    </groups>
    <test started-at="2022-05-30T01:40:52Z" name="Default test" finished-at="2022-05-30T01:40:57Z" duration-ms="4773">
      <class name="tests.Book_Store">
        <test-method is-config="true" signature="setup()[pri:0, instance:tests.Book_Store@a530d0a]" started-at="2022-05-30T01:40:52Z" name="setup" finished-at="2022-05-30T01:40:55Z" duration-ms="3313" status="PASS">
          <reporter-output>
          </reporter-output>
        </test-method> <!-- setup -->
        <test-method signature="display_title()[pri:0, instance:tests.Book_Store@a530d0a]" started-at="2022-05-30T01:40:55Z" name="display_title" finished-at="2022-05-30T01:40:56Z" duration-ms="328" status="PASS">
          <reporter-output>
          </reporter-output>
        </test-method> <!-- display_title -->
        <test-method signature="display_title3()[pri:1, instance:tests.Book_Store@a530d0a]" started-at="2022-05-30T01:40:56Z" name="display_title3" finished-at="2022-05-30T01:40:56Z" duration-ms="283" status="PASS">
          <reporter-output>
          </reporter-output>
        </test-method> <!-- display_title3 -->
        <test-method is-config="true" signature="close()[pri:0, instance:tests.Book_Store@a530d0a]" started-at="2022-05-30T01:40:56Z" name="close" finished-at="2022-05-30T01:40:57Z" duration-ms="804" status="PASS">
          <reporter-output>
          </reporter-output>
        </test-method> <!-- close -->
      </class> <!-- tests.Book_Store -->
    </test> <!-- Default test -->
  </suite> <!-- Default suite -->
</testng-results>
